E:\MYSELFPROJECT\COCOSCORECPP\COCOS2D\COCOS\EDITOR-SUPPORT\SPINE\PROJ.WIN32\DEBUG.WIN32\VC110.PDB
E:\MYSELFPROJECT\COCOSCORECPP\COCOS2D\COCOS\EDITOR-SUPPORT\SPINE\PROJ.WIN32\DEBUG.WIN32\POLYGONBATCH.OBJ
E:\MYSELFPROJECT\COCOSCORECPP\COCOS2D\COCOS\EDITOR-SUPPORT\SPINE\PROJ.WIN32\DEBUG.WIN32\SKELETONRENDERER.OBJ
E:\MYSELFPROJECT\COCOSCORECPP\COCOS2D\COCOS\EDITOR-SUPPORT\SPINE\PROJ.WIN32\DEBUG.WIN32\SKELETONANIMATION.OBJ
E:\MYSELFPROJECT\COCOSCORECPP\COCOS2D\COCOS\EDITOR-SUPPORT\SPINE\PROJ.WIN32\DEBUG.WIN32\SPINE-COCOS2DX.OBJ
E:\MYSELFPROJECT\COCOSCORECPP\PROJ.WIN32\DEBUG.WIN32\LIBSPINE.LIB
E:\MySelfProject\CocosCoreCpp\cocos2d\cocos\editor-support\spine\proj.win32\Debug.win32\Animation.obj
E:\MySelfProject\CocosCoreCpp\cocos2d\cocos\editor-support\spine\proj.win32\Debug.win32\AnimationState.obj
E:\MySelfProject\CocosCoreCpp\cocos2d\cocos\editor-support\spine\proj.win32\Debug.win32\AnimationStateData.obj
E:\MySelfProject\CocosCoreCpp\cocos2d\cocos\editor-support\spine\proj.win32\Debug.win32\Atlas.obj
E:\MySelfProject\CocosCoreCpp\cocos2d\cocos\editor-support\spine\proj.win32\Debug.win32\AtlasAttachmentLoader.obj
E:\MySelfProject\CocosCoreCpp\cocos2d\cocos\editor-support\spine\proj.win32\Debug.win32\Attachment.obj
E:\MySelfProject\CocosCoreCpp\cocos2d\cocos\editor-support\spine\proj.win32\Debug.win32\AttachmentLoader.obj
E:\MySelfProject\CocosCoreCpp\cocos2d\cocos\editor-support\spine\proj.win32\Debug.win32\Bone.obj
E:\MySelfProject\CocosCoreCpp\cocos2d\cocos\editor-support\spine\proj.win32\Debug.win32\BoneData.obj
E:\MySelfProject\CocosCoreCpp\cocos2d\cocos\editor-support\spine\proj.win32\Debug.win32\BoundingBoxAttachment.obj
E:\MySelfProject\CocosCoreCpp\cocos2d\cocos\editor-support\spine\proj.win32\Debug.win32\Event.obj
E:\MySelfProject\CocosCoreCpp\cocos2d\cocos\editor-support\spine\proj.win32\Debug.win32\EventData.obj
E:\MySelfProject\CocosCoreCpp\cocos2d\cocos\editor-support\spine\proj.win32\Debug.win32\extension.obj
E:\MySelfProject\CocosCoreCpp\cocos2d\cocos\editor-support\spine\proj.win32\Debug.win32\IkConstraint.obj
E:\MySelfProject\CocosCoreCpp\cocos2d\cocos\editor-support\spine\proj.win32\Debug.win32\IkConstraintData.obj
E:\MySelfProject\CocosCoreCpp\cocos2d\cocos\editor-support\spine\proj.win32\Debug.win32\Json.obj
E:\MySelfProject\CocosCoreCpp\cocos2d\cocos\editor-support\spine\proj.win32\Debug.win32\MeshAttachment.obj
E:\MySelfProject\CocosCoreCpp\cocos2d\cocos\editor-support\spine\proj.win32\Debug.win32\PolygonBatch.obj
E:\MySelfProject\CocosCoreCpp\cocos2d\cocos\editor-support\spine\proj.win32\Debug.win32\RegionAttachment.obj
E:\MySelfProject\CocosCoreCpp\cocos2d\cocos\editor-support\spine\proj.win32\Debug.win32\Skeleton.obj
E:\MySelfProject\CocosCoreCpp\cocos2d\cocos\editor-support\spine\proj.win32\Debug.win32\SkeletonAnimation.obj
E:\MySelfProject\CocosCoreCpp\cocos2d\cocos\editor-support\spine\proj.win32\Debug.win32\SkeletonBounds.obj
E:\MySelfProject\CocosCoreCpp\cocos2d\cocos\editor-support\spine\proj.win32\Debug.win32\SkeletonData.obj
E:\MySelfProject\CocosCoreCpp\cocos2d\cocos\editor-support\spine\proj.win32\Debug.win32\SkeletonJson.obj
E:\MySelfProject\CocosCoreCpp\cocos2d\cocos\editor-support\spine\proj.win32\Debug.win32\SkeletonRenderer.obj
E:\MySelfProject\CocosCoreCpp\cocos2d\cocos\editor-support\spine\proj.win32\Debug.win32\Skin.obj
E:\MySelfProject\CocosCoreCpp\cocos2d\cocos\editor-support\spine\proj.win32\Debug.win32\SkinnedMeshAttachment.obj
E:\MySelfProject\CocosCoreCpp\cocos2d\cocos\editor-support\spine\proj.win32\Debug.win32\Slot.obj
E:\MySelfProject\CocosCoreCpp\cocos2d\cocos\editor-support\spine\proj.win32\Debug.win32\SlotData.obj
E:\MySelfProject\CocosCoreCpp\cocos2d\cocos\editor-support\spine\proj.win32\Debug.win32\spine-cocos2dx.obj
E:\MySelfProject\CocosCoreCpp\cocos2d\cocos\editor-support\spine\proj.win32\Debug.win32\CL.1152.read.1.tlog
E:\MySelfProject\CocosCoreCpp\cocos2d\cocos\editor-support\spine\proj.win32\Debug.win32\CL.1152.write.1.tlog
E:\MySelfProject\CocosCoreCpp\cocos2d\cocos\editor-support\spine\proj.win32\Debug.win32\CL.2644.read.1.tlog
E:\MySelfProject\CocosCoreCpp\cocos2d\cocos\editor-support\spine\proj.win32\Debug.win32\CL.2644.write.1.tlog
E:\MySelfProject\CocosCoreCpp\cocos2d\cocos\editor-support\spine\proj.win32\Debug.win32\CL.6548.read.1.tlog
E:\MySelfProject\CocosCoreCpp\cocos2d\cocos\editor-support\spine\proj.win32\Debug.win32\CL.6548.write.1.tlog
E:\MySelfProject\CocosCoreCpp\cocos2d\cocos\editor-support\spine\proj.win32\Debug.win32\CL.7356.read.1.tlog
E:\MySelfProject\CocosCoreCpp\cocos2d\cocos\editor-support\spine\proj.win32\Debug.win32\CL.7356.write.1.tlog
E:\MySelfProject\CocosCoreCpp\cocos2d\cocos\editor-support\spine\proj.win32\Debug.win32\CL.7536.read.1.tlog
E:\MySelfProject\CocosCoreCpp\cocos2d\cocos\editor-support\spine\proj.win32\Debug.win32\CL.7536.write.1.tlog
E:\MySelfProject\CocosCoreCpp\cocos2d\cocos\editor-support\spine\proj.win32\Debug.win32\CL.9612.read.1.tlog
E:\MySelfProject\CocosCoreCpp\cocos2d\cocos\editor-support\spine\proj.win32\Debug.win32\CL.9612.write.1.tlog
E:\MySelfProject\CocosCoreCpp\cocos2d\cocos\editor-support\spine\proj.win32\Debug.win32\CL.9756.read.1.tlog
E:\MySelfProject\CocosCoreCpp\cocos2d\cocos\editor-support\spine\proj.win32\Debug.win32\CL.9756.write.1.tlog
E:\MySelfProject\CocosCoreCpp\cocos2d\cocos\editor-support\spine\proj.win32\Debug.win32\CL.9944.read.1.tlog
E:\MySelfProject\CocosCoreCpp\cocos2d\cocos\editor-support\spine\proj.win32\Debug.win32\CL.9944.write.1.tlog
E:\MySelfProject\CocosCoreCpp\cocos2d\cocos\editor-support\spine\proj.win32\Debug.win32\cl.command.1.tlog
E:\MySelfProject\CocosCoreCpp\cocos2d\cocos\editor-support\spine\proj.win32\Debug.win32\CL.read.1.tlog
E:\MySelfProject\CocosCoreCpp\cocos2d\cocos\editor-support\spine\proj.win32\Debug.win32\cl.write.1.tlog
E:\MySelfProject\CocosCoreCpp\cocos2d\cocos\editor-support\spine\proj.win32\Debug.win32\Lib-link.read.1.tlog
E:\MySelfProject\CocosCoreCpp\cocos2d\cocos\editor-support\spine\proj.win32\Debug.win32\Lib-link.write.1.tlog
E:\MySelfProject\CocosCoreCpp\cocos2d\cocos\editor-support\spine\proj.win32\Debug.win32\lib.command.1.tlog
E:\MySelfProject\CocosCoreCpp\cocos2d\cocos\editor-support\spine\proj.win32\Debug.win32\libSpine.idb
E:\MySelfProject\CocosCoreCpp\cocos2d\cocos\editor-support\spine\proj.win32\Debug.win32\vc110.idb
E:\MySelfProject\CocosCoreCpp\cocos2d\cocos\editor-support\spine\proj.win32\Debug.win32\libSpine.pdb
E:\MySelfProject\CocosCoreCpp\cocos2d\cocos\editor-support\spine\proj.win32\Debug.win32\vc110.pdb
E:\MySelfProject\CocosCoreCpp\proj.win32\Debug.win32\libSpine.lib
